                                 Started job on |	May 14 12:39:29
                             Started mapping on |	May 14 12:39:29
                                    Finished on |	May 14 12:44:47
       Mapping speed, Million of reads per hour |	34.52

                          Number of input reads |	3049398
                      Average input read length |	300
                                    UNIQUE READS:
                   Uniquely mapped reads number |	34302
                        Uniquely mapped reads % |	1.12%
                          Average mapped length |	287.38
                       Number of splices: Total |	417
            Number of splices: Annotated (sjdb) |	0
                       Number of splices: GT/AG |	27
                       Number of splices: GC/AG |	0
                       Number of splices: AT/AC |	0
               Number of splices: Non-canonical |	390
                      Mismatch rate per base, % |	0.23%
                         Deletion rate per base |	0.01%
                        Deletion average length |	1.51
                        Insertion rate per base |	0.00%
                       Insertion average length |	1.31
                             MULTI-MAPPING READS:
        Number of reads mapped to multiple loci |	8656
             % of reads mapped to multiple loci |	0.28%
        Number of reads mapped to too many loci |	3
             % of reads mapped to too many loci |	0.00%
                                  UNMAPPED READS:
  Number of reads unmapped: too many mismatches |	0
       % of reads unmapped: too many mismatches |	0.00%
            Number of reads unmapped: too short |	8255
                 % of reads unmapped: too short |	0.27%
                Number of reads unmapped: other |	2998182
                     % of reads unmapped: other |	98.32%
                                  CHIMERIC READS:
                       Number of chimeric reads |	0
                            % of chimeric reads |	0.00%
